[debug] [2020-10-31T17:52:12.290Z] ----------------------------------------------------------------------
[debug] [2020-10-31T17:52:12.292Z] Command:       C:\Program Files\nodejs\node.exe C:\Users\th3_m\AppData\Roaming\npm\node_modules\firebase-tools\lib\bin\firebase.js init
[debug] [2020-10-31T17:52:12.294Z] CLI Version:   8.14.1
[debug] [2020-10-31T17:52:12.294Z] Platform:      win32
[debug] [2020-10-31T17:52:12.294Z] Node Version:  v10.15.3
[debug] [2020-10-31T17:52:12.296Z] Time:          Sat Oct 31 2020 18:52:12 GMT+0100 (GMT+01:00)
[debug] [2020-10-31T17:52:12.296Z] ----------------------------------------------------------------------
[debug] [2020-10-31T17:52:12.296Z] 
[debug] [2020-10-31T17:52:12.306Z] > command requires scopes: ["email","openid","https://www.googleapis.com/auth/cloudplatformprojects.readonly","https://www.googleapis.com/auth/firebase","https://www.googleapis.com/auth/cloud-platform"]
[debug] [2020-10-31T17:52:12.306Z] > authorizing via signed-in user
[info] 
     ######## #### ########  ######## ########     ###     ######  ########
     ##        ##  ##     ## ##       ##     ##  ##   ##  ##       ##
     ######    ##  ########  ######   ########  #########  ######  ######
     ##        ##  ##    ##  ##       ##     ## ##     ##       ## ##
     ##       #### ##     ## ######## ########  ##     ##  ######  ########

You're about to initialize a Firebase project in this directory:

  D:\DevPerso\iplaybitch

Before we get started, keep in mind:

  * You are initializing in an existing Firebase project directory

